{"level":"info","msg":"Starting server on :8080","time":"2024-06-20T14:43:59Z"}
{"level":"info","msg":"Starting server on :8080","time":"2024-06-20T14:44:08Z"}
{"error":"unable to open database file: no such file or directory","level":"error","msg":"Error logging in user","time":"2024-06-20T14:44:18Z"}
{"level":"info","msg":"Starting server on :8080","time":"2024-06-20T14:45:05Z"}
{"level":"info","msg":"Starting server on :8080","time":"2024-06-20T14:45:12Z"}
{"error":"unable to open database file: no such file or directory","level":"error","msg":"Error logging in user","time":"2024-06-20T14:45:21Z"}
{"level":"info","msg":"Starting server on :8080","time":"2024-06-20T14:46:39Z"}
{"error":"no such table: messages","level":"error","msg":"Error saving room message to database","time":"2024-06-20T14:47:12Z"}
{"error":"no such table: messages","level":"error","msg":"Error saving room message to database","time":"2024-06-20T14:47:13Z"}
{"error":"no such table: messages","level":"error","msg":"Error saving room message to database","time":"2024-06-20T14:47:16Z"}
{"error":"no such table: messages","level":"error","msg":"Error saving room message to database","time":"2024-06-20T14:47:16Z"}
{"error":"no such table: messages","level":"error","msg":"Error saving direct message to database","time":"2024-06-20T14:47:20Z"}
{"error":"websocket: close 1006 (abnormal closure): unexpected EOF","level":"error","msg":"Error reading message","time":"2024-06-20T14:47:21Z"}
{"error":"websocket: close 1006 (abnormal closure): unexpected EOF","level":"error","msg":"Error reading message","time":"2024-06-20T14:47:22Z"}
{"level":"info","msg":"Starting server on :8080","time":"2024-06-21T20:30:43+08:00"}
{"error":"no such table: users","level":"error","msg":"Error inserting user into database","time":"2024-06-21T20:31:01+08:00"}
{"error":"no such table: users","level":"error","msg":"Error registering user","time":"2024-06-21T20:31:01+08:00"}
{"level":"info","msg":"Starting server on :8080","time":"2024-06-21T20:35:33+08:00"}
{"level":"info","msg":"Starting server on :8080","time":"2024-06-21T13:02:39Z"}
{"error":"unable to open database file: operation not permitted","level":"error","msg":"Error logging in user","time":"2024-06-21T13:03:00Z"}
{"level":"info","msg":"Starting server on :8080","time":"2024-06-21T13:04:51Z"}
{"level":"info","msg":"Starting server on :8080","time":"2024-06-21T13:05:00Z"}
{"error":"no such table: users","level":"error","msg":"Error inserting user into database","time":"2024-06-21T13:05:09Z"}
{"error":"no such table: users","level":"error","msg":"Error registering user","time":"2024-06-21T13:05:09Z"}
{"error":"no such table: users","level":"error","msg":"Error inserting user into database","time":"2024-06-21T13:05:26Z"}
{"error":"no such table: users","level":"error","msg":"Error registering user","time":"2024-06-21T13:05:26Z"}
{"level":"info","msg":"Starting server on :8080","time":"2024-06-21T13:06:10Z"}
{"level":"error","msg":"Sender not in room","time":"2024-06-21T13:07:06Z","userID":1}
{"level":"error","msg":"Sender not in room","time":"2024-06-21T13:07:08Z","userID":1}
{"level":"info","msg":"Starting server on :8080","time":"2024-06-21T21:13:48+08:00"}
{"level":"error","msg":"Client with this userID already exists","time":"2024-06-21T21:14:59+08:00","userID":2}
{"error":"websocket: close 1006 (abnormal closure): unexpected EOF","level":"error","msg":"Error reading message","time":"2024-06-21T21:15:17+08:00"}
{"level":"info","msg":"Starting server on :8080","time":"2024-06-21T21:16:20+08:00"}
{"error":"websocket: close 1006 (abnormal closure): unexpected EOF","level":"error","msg":"Error reading message","time":"2024-06-21T21:16:32+08:00"}
{"level":"info","msg":"Starting server on :8080","time":"2024-06-21T21:17:17+08:00"}
{"error":"websocket: close 1006 (abnormal closure): unexpected EOF","level":"error","msg":"Error reading message","time":"2024-06-21T21:17:29+08:00"}
{"error":"websocket: close 1006 (abnormal closure): unexpected EOF","level":"error","msg":"Error reading message","time":"2024-06-21T21:18:36+08:00"}
{"error":"websocket: close 1006 (abnormal closure): unexpected EOF","level":"error","msg":"Error reading message","time":"2024-06-21T21:18:48+08:00"}
{"error":"websocket: close 1006 (abnormal closure): unexpected EOF","level":"error","msg":"Error reading message","time":"2024-06-21T21:19:45+08:00"}
{"error":"websocket: close 1006 (abnormal closure): unexpected EOF","level":"error","msg":"Error reading message","time":"2024-06-21T21:20:43+08:00"}
{"level":"info","msg":"Starting server on :8080","time":"2024-06-21T21:21:15+08:00"}
{"error":"websocket: close 1006 (abnormal closure): unexpected EOF","level":"error","msg":"Error reading message","time":"2024-06-21T21:21:38+08:00"}
{"error":"websocket: close 1006 (abnormal closure): unexpected EOF","level":"error","msg":"Error reading message","time":"2024-06-21T21:21:53+08:00"}
{"error":"websocket: close 1006 (abnormal closure): unexpected EOF","level":"error","msg":"Error reading message","time":"2024-06-21T21:21:56+08:00"}
